<?xml version="1.0" encoding="UTF-8"?>
<!-- Generated by org.testng.reporters.JUnitReportReporter -->
<testsuite hostname="E5530-2340" name="com.test1.tests.TestSuccessfulLogIn" tests="1" failures="0" timestamp="14 Jun 2016 13:47:14 GMT" time="14.024" errors="0">
  <testcase name="testSuccessfulLogIn" time="14.024" classname="com.test1.tests.TestSuccessfulLogIn"/>
</testsuite> <!-- com.test1.tests.TestSuccessfulLogIn -->
