<?xml version="1.0" encoding="UTF-8"?>
<!-- Generated by org.testng.reporters.JUnitReportReporter -->
<testsuite hostname="E5530-2340" name="com.test1.tests.TestSuccessfulDLIssuesFile" tests="1" failures="0" timestamp="16 Jun 2016 01:56:21 GMT" time="18.466" errors="0">
  <testcase name="testSuccessfulIssuesFileDownLoad" time="18.466" classname="com.test1.tests.TestSuccessfulDLIssuesFile"/>
</testsuite> <!-- com.test1.tests.TestSuccessfulDLIssuesFile -->
