<?xml version="1.0" encoding="UTF-8"?>
<!-- Generated by org.testng.reporters.JUnitReportReporter -->
<testsuite hostname="E5530-2340" name="com.test1.tests.TestSuccessfulLogOut" tests="1" failures="0" timestamp="14 Jun 2016 14:16:54 GMT" time="16.660" errors="0">
  <testcase name="testSuccessfulLogOut" time="16.660" classname="com.test1.tests.TestSuccessfulLogOut"/>
</testsuite> <!-- com.test1.tests.TestSuccessfulLogOut -->
