<?xml version="1.0" encoding="UTF-8"?>
<!-- Generated by org.testng.reporters.JUnitReportReporter -->
<testsuite hostname="E5530-2340" name="com.test1.tests.TestSuccessfulNavigationToResetPasswordPage" tests="1" failures="0" timestamp="15 Jun 2016 14:15:00 GMT" time="14.003" errors="0">
  <testcase name="testSuccessfulNavigationToResetPasswordPage" time="14.003" classname="com.test1.tests.TestSuccessfulNavigationToResetPasswordPage"/>
</testsuite> <!-- com.test1.tests.TestSuccessfulNavigationToResetPasswordPage -->
